SPRINGBOOT_SECURITY 19:20:12.013 INFO  com.kt.edu.thirdproject.ThirdprojectApplication : - Starting ThirdprojectApplication using Java 17.0.2 with PID 71386 (/Users/jakelee/springboot_crud_security/target/classes started by jakelee in /Users/jakelee/springboot_crud_security) 
SPRINGBOOT_SECURITY 19:20:12.015 DEBUG com.kt.edu.thirdproject.ThirdprojectApplication : - Running with Spring Boot v3.2.1, Spring v6.1.2 
SPRINGBOOT_SECURITY 19:20:12.015 INFO  com.kt.edu.thirdproject.ThirdprojectApplication : - The following 1 profile is active: "local" 
SPRINGBOOT_SECURITY 19:20:12.034 INFO  org.springframework.boot.devtools.env.DevToolsPropertyDefaultsPostProcessor : - Devtools property defaults active! Set 'spring.devtools.add-properties' to 'false' to disable 
SPRINGBOOT_SECURITY 19:20:12.034 INFO  org.springframework.boot.devtools.env.DevToolsPropertyDefaultsPostProcessor : - For additional web related logging consider setting the 'logging.level.web' property to 'DEBUG' 
SPRINGBOOT_SECURITY 19:20:12.485 INFO  org.springframework.data.repository.config.RepositoryConfigurationDelegate : - Bootstrapping Spring Data JDBC repositories in DEFAULT mode. 
SPRINGBOOT_SECURITY 19:20:12.505 INFO  org.springframework.data.repository.config.RepositoryConfigurationDelegate : - Finished Spring Data repository scanning in 18 ms. Found 1 JDBC repository interface. 
SPRINGBOOT_SECURITY 19:20:12.594 INFO  com.ulisesbocchio.jasyptspringboot.configuration.EnableEncryptablePropertiesBeanFactoryPostProcessor : - Post-processing PropertySource instances 
SPRINGBOOT_SECURITY 19:20:12.612 INFO  com.ulisesbocchio.jasyptspringboot.EncryptablePropertySourceConverter : - Converting PropertySource configurationProperties [org.springframework.boot.context.properties.source.ConfigurationPropertySourcesPropertySource] to AOP Proxy 
SPRINGBOOT_SECURITY 19:20:12.613 INFO  com.ulisesbocchio.jasyptspringboot.EncryptablePropertySourceConverter : - Converting PropertySource servletConfigInitParams [org.springframework.core.env.PropertySource$StubPropertySource] to EncryptablePropertySourceWrapper 
SPRINGBOOT_SECURITY 19:20:12.613 INFO  com.ulisesbocchio.jasyptspringboot.EncryptablePropertySourceConverter : - Converting PropertySource servletContextInitParams [org.springframework.core.env.PropertySource$StubPropertySource] to EncryptablePropertySourceWrapper 
SPRINGBOOT_SECURITY 19:20:12.613 INFO  com.ulisesbocchio.jasyptspringboot.EncryptablePropertySourceConverter : - Converting PropertySource systemProperties [org.springframework.core.env.PropertiesPropertySource] to EncryptableMapPropertySourceWrapper 
SPRINGBOOT_SECURITY 19:20:12.613 INFO  com.ulisesbocchio.jasyptspringboot.EncryptablePropertySourceConverter : - Converting PropertySource systemEnvironment [org.springframework.boot.env.SystemEnvironmentPropertySourceEnvironmentPostProcessor$OriginAwareSystemEnvironmentPropertySource] to EncryptableMapPropertySourceWrapper 
SPRINGBOOT_SECURITY 19:20:12.613 INFO  com.ulisesbocchio.jasyptspringboot.EncryptablePropertySourceConverter : - Converting PropertySource random [org.springframework.boot.env.RandomValuePropertySource] to EncryptablePropertySourceWrapper 
SPRINGBOOT_SECURITY 19:20:12.613 INFO  com.ulisesbocchio.jasyptspringboot.EncryptablePropertySourceConverter : - Converting PropertySource Config resource 'class path resource [application-local.yml]' via location 'optional:classpath:/' [org.springframework.boot.env.OriginTrackedMapPropertySource] to EncryptableMapPropertySourceWrapper 
SPRINGBOOT_SECURITY 19:20:12.613 INFO  com.ulisesbocchio.jasyptspringboot.EncryptablePropertySourceConverter : - Converting PropertySource Config resource 'class path resource [application.yml]' via location 'optional:classpath:/' [org.springframework.boot.env.OriginTrackedMapPropertySource] to EncryptableMapPropertySourceWrapper 
SPRINGBOOT_SECURITY 19:20:12.613 INFO  com.ulisesbocchio.jasyptspringboot.EncryptablePropertySourceConverter : - Converting PropertySource devtools [org.springframework.core.env.MapPropertySource] to EncryptableMapPropertySourceWrapper 
SPRINGBOOT_SECURITY 19:20:12.621 INFO  com.ulisesbocchio.jasyptspringboot.filter.DefaultLazyPropertyFilter : - Property Filter custom Bean not found with name 'encryptablePropertyFilter'. Initializing Default Property Filter 
SPRINGBOOT_SECURITY 19:20:12.675 INFO  com.ulisesbocchio.jasyptspringboot.resolver.DefaultLazyPropertyResolver : - Property Resolver custom Bean not found with name 'encryptablePropertyResolver'. Initializing Default Property Resolver 
SPRINGBOOT_SECURITY 19:20:12.676 INFO  com.ulisesbocchio.jasyptspringboot.detector.DefaultLazyPropertyDetector : - Property Detector custom Bean not found with name 'encryptablePropertyDetector'. Initializing Default Property Detector 
SPRINGBOOT_SECURITY 19:20:12.758 INFO  org.springframework.boot.web.embedded.tomcat.TomcatWebServer : - Tomcat initialized with port 8080 (http) 
SPRINGBOOT_SECURITY 19:20:12.764 INFO  org.apache.coyote.http11.Http11NioProtocol : - Initializing ProtocolHandler ["http-nio-8080"] 
SPRINGBOOT_SECURITY 19:20:12.765 INFO  org.apache.catalina.core.StandardService : - Starting service [Tomcat] 
SPRINGBOOT_SECURITY 19:20:12.765 INFO  org.apache.catalina.core.StandardEngine : - Starting Servlet engine: [Apache Tomcat/10.1.17] 
SPRINGBOOT_SECURITY 19:20:12.783 INFO  org.apache.catalina.core.ContainerBase.[Tomcat].[localhost].[/] : - Initializing Spring embedded WebApplicationContext 
SPRINGBOOT_SECURITY 19:20:12.783 INFO  org.springframework.boot.web.servlet.context.ServletWebServerApplicationContext : - Root WebApplicationContext: initialization completed in 749 ms 
SPRINGBOOT_SECURITY 19:20:12.822 INFO  com.ulisesbocchio.jasyptspringboot.encryptor.DefaultLazyEncryptor : - Found Custom Encryptor Bean org.jasypt.encryption.pbe.StandardPBEStringEncryptor@7e5cc70 with name: jasyptStringEncryptor 
SPRINGBOOT_SECURITY 19:20:12.844 INFO  com.zaxxer.hikari.HikariDataSource : - hikari-cp - Starting... 
SPRINGBOOT_SECURITY 19:20:12.886 INFO  com.zaxxer.hikari.pool.HikariPool : - hikari-cp - Added connection net.sf.log4jdbc.sql.jdbcapi.ConnectionSpy@54ff2ec2 
SPRINGBOOT_SECURITY 19:20:12.887 INFO  com.zaxxer.hikari.HikariDataSource : - hikari-cp - Start completed. 
SPRINGBOOT_SECURITY 19:20:12.891 INFO  org.springframework.boot.autoconfigure.h2.H2ConsoleAutoConfiguration : - H2 console available at '/h2-console'. Database available at 'jdbc:h2:mem:testdb' 
SPRINGBOOT_SECURITY 19:20:12.925 DEBUG com.kt.edu.thirdproject.common.config.JwtRequestFilter : - Filter 'jwtRequestFilter' configured for use 
SPRINGBOOT_SECURITY 19:20:12.964 INFO  jdbc.sqltiming : - create sequence hibernate_sequence\n {executed in 1 msec} 
SPRINGBOOT_SECURITY 19:20:12.966 INFO  jdbc.sqltiming : - create table employee ( id long not null, empName varchar(255), empDeptName varchar(255), empTelNo varchar(20), empMail varchar(25) )\n {executed in 1 msec} 
SPRINGBOOT_SECURITY 19:20:12.968 INFO  jdbc.sqltiming : - alter table employee add constraint employee_pk primary key (id)\n {executed in 2 msec} 
SPRINGBOOT_SECURITY 19:20:13.026 INFO  org.springframework.boot.devtools.autoconfigure.OptionalLiveReloadServer : - LiveReload server is running on port 35729 
SPRINGBOOT_SECURITY 19:20:13.259 INFO  org.springframework.boot.actuate.endpoint.web.EndpointLinksResolver : - Exposing 6 endpoint(s) beneath base path '/actuator' 
SPRINGBOOT_SECURITY 19:20:13.294 INFO  org.springframework.security.web.DefaultSecurityFilterChain : - Will secure any request with [org.springframework.security.web.session.DisableEncodeUrlFilter@22bb67d1, org.springframework.security.web.context.request.async.WebAsyncManagerIntegrationFilter@57ad2faa, org.springframework.security.web.context.SecurityContextHolderFilter@796a3a38, org.springframework.security.web.header.HeaderWriterFilter@b73b802, org.springframework.web.filter.CorsFilter@69969267, org.springframework.security.web.authentication.logout.LogoutFilter@1bddfa64, com.kt.edu.thirdproject.common.config.JwtRequestFilter@2bfea490, org.springframework.security.web.authentication.UsernamePasswordAuthenticationFilter@2c329fa1, org.springframework.security.web.authentication.ui.DefaultLoginPageGeneratingFilter@4c7972d7, org.springframework.security.web.authentication.ui.DefaultLogoutPageGeneratingFilter@711375a1, org.springframework.security.web.savedrequest.RequestCacheAwareFilter@6efc7a5c, org.springframework.security.web.servletapi.SecurityContextHolderAwareRequestFilter@5f73cae1, org.springframework.security.web.authentication.AnonymousAuthenticationFilter@86f11bd, org.springframework.security.web.session.SessionManagementFilter@1950338f, org.springframework.security.web.access.ExceptionTranslationFilter@6c312f0b, org.springframework.security.web.access.intercept.AuthorizationFilter@445a36be] 
SPRINGBOOT_SECURITY 19:20:13.297 WARN  org.springframework.security.config.annotation.web.builders.WebSecurity : - You are asking Spring Security to ignore org.springframework.boot.autoconfigure.security.servlet.StaticResourceRequest$StaticResourceRequestMatcher@59f3692f. This is not recommended -- please use permitAll via HttpSecurity#authorizeHttpRequests instead. 
SPRINGBOOT_SECURITY 19:20:13.297 INFO  org.springframework.security.web.DefaultSecurityFilterChain : - Will not secure org.springframework.boot.autoconfigure.security.servlet.StaticResourceRequest$StaticResourceRequestMatcher@59f3692f 
SPRINGBOOT_SECURITY 19:20:13.452 INFO  org.apache.coyote.http11.Http11NioProtocol : - Starting ProtocolHandler ["http-nio-8080"] 
SPRINGBOOT_SECURITY 19:20:13.461 INFO  org.springframework.boot.web.embedded.tomcat.TomcatWebServer : - Tomcat started on port 8080 (http) with context path '' 
SPRINGBOOT_SECURITY 19:20:13.472 INFO  com.kt.edu.thirdproject.ThirdprojectApplication : - Started ThirdprojectApplication in 1.687 seconds (process running for 2.25) 
SPRINGBOOT_SECURITY 19:20:17.166 INFO  com.zaxxer.hikari.HikariDataSource : - hikari-cp - Shutdown initiated... 
SPRINGBOOT_SECURITY 19:20:17.170 INFO  com.zaxxer.hikari.HikariDataSource : - hikari-cp - Shutdown completed. 
